#
# There is insufficient memory for the Java Runtime Environment to continue.
# Native memory allocation (mmap) failed to map 65536 bytes for Failed to commit area from 0x000001e1f5870000 to 0x000001e1f5880000 of length 65536.
# Possible reasons:
#   The system is out of physical RAM or swap space
#   The process is running with CompressedOops enabled, and the Java Heap may be blocking the growth of the native heap
# Possible solutions:
#   Reduce memory load on the system
#   Increase physical memory or swap space
#   Check if swap backing store is full
#   Decrease Java heap size (-Xmx/-Xms)
#   Decrease number of Java threads
#   Decrease Java thread stack sizes (-Xss)
#   Set larger code cache with -XX:ReservedCodeCacheSize=
# This output file may be truncated or incomplete.
#
#  Out of Memory Error (./src/hotspot/os/windows/os_windows.cpp:3521), pid=16700, tid=13976
#
# JRE version:  (11.0.12+7) (build )
# Java VM: OpenJDK 64-Bit Server VM (11.0.12+7-b1504.28-7817840, mixed mode, sharing, tiered, compressed oops, g1 gc, windows-amd64)
# No core dump will be written. Minidumps are not enabled by default on client versions of Windows
#

---------------  S U M M A R Y ------------

Command Line: org.jetbrains.kotlin.cli.jvm.K2JVMCompiler @C:\Users\user\Desktop\sudokuGame\app\build\20220602_8357474225307349209.compiler.options

Host: Intel(R) Core(TM) i5-10300H CPU @ 2.50GHz, 8 cores, 7G,  Windows 10 , 64 bit Build 19041 (10.0.19041.1706)
Time: Thu Jun  2 16:54:04 2022 Georgian Standard Time elapsed time: 0.012017 seconds (0d 0h 0m 0s)

---------------  T H R E A D  ---------------

Current thread (0x000001e1e1538800):  JavaThread "Unknown thread" [_thread_in_vm, id=13976, stack(0x000000abee300000,0x000000abee400000)]

Stack: [0x000000abee300000,0x000000abee400000]
Native frames: (J=compiled Java code, j=interpreted, Vv=VM code, C=native code)
V  [jvm.dll+0x5fbcea]
V  [jvm.dll+0x731905]
V  [jvm.dll+0x732f1d]
V  [jvm.dll+0x7335d3]
V  [jvm.dll+0x247bf8]
V  [jvm.dll+0x5f90b4]
V  [jvm.dll+0x5edc85]
V  [jvm.dll+0x305aeb]
V  [jvm.dll+0x305a5a]
V  [jvm.dll+0x305932]
V  [jvm.dll+0x30a9a5]
V  [jvm.dll+0x353815]
V  [jvm.dll+0x353f06]
V  [jvm.dll+0x353903]
V  [jvm.dll+0x2e0678]
V  [jvm.dll+0x2e1827]
V  [jvm.dll+0x710037]
V  [jvm.dll+0x71182c]
V  [jvm.dll+0x360da9]
V  [jvm.dll+0x6f390e]
V  [jvm.dll+0x3c9723]
V  [jvm.dll+0x3cb9b1]
C  [jli.dll+0x536b]
C  [ucrtbase.dll+0x21bb2]
C  [KERNEL32.DLL+0x17034]
C  [ntdll.dll+0x52651]


---------------  P R O C E S S  ---------------

Threads class SMR info:
_java_thread_list=0x000001e1dfb630a0, length=0, elements={
}

Java Threads: ( => current thread )

Other Threads:
  0x000001e1e1550800 GCTaskThread "GC Thread#0" [stack: 0x000000abee400000,0x000000abee500000] [id=15416]
  0x000001e1e1584800 ConcurrentGCThread "G1 Main Marker" [stack: 0x000000abee500000,0x000000abee600000] [id=2872]
  0x000001e1e1586800 ConcurrentGCThread "G1 Conc#0" [stack: 0x000000abee600000,0x000000abee700000] [id=13024]

[error occurred during error reporting (printing all threads), id 0xc0000005, EXCEPTION_ACCESS_VIOLATION (0xc0000005) at pc=0x00007ff921530be7]

VM state:not at safepoint (not fully initialized)

VM Mutex/Monitor currently owned by a thread:  ([mutex/lock_event])
[0x000001e1e1537630] Heap_lock - owner thread: 0x000001e1e1538800

Heap address: 0x0000000082800000, size: 2008 MB, Compressed Oops mode: Non-zero based: 0x0000000082800000
Narrow klass base: 0x0000000000000000, Narrow klass shift: 0

GC Heap History (0 events):
No events

Deoptimization events (0 events):
No events

Classes redefined (0 events):
No events

Internal exceptions (0 events):
No events

Events (1 events):
Event: 0.008 Loaded shared library D:\android\jre\bin\zip.dll


Dynamic libraries:
0x00007ff62f100000 - 0x00007ff62f10a000 	D:\android\jre\bin\java.exe
0x00007ff96dd10000 - 0x00007ff96df05000 	C:\Windows\SYSTEM32\ntdll.dll
0x00007ff96bdc0000 - 0x00007ff96be7d000 	C:\Windows\System32\KERNEL32.DLL
0x00007ff96ba90000 - 0x00007ff96bd5d000 	C:\Windows\System32\KERNELBASE.dll
0x00007ff96b920000 - 0x00007ff96ba20000 	C:\Windows\System32\ucrtbase.dll
0x00007ff9641a0000 - 0x00007ff9641b9000 	D:\android\jre\bin\jli.dll
0x00007ff963cb0000 - 0x00007ff963cc7000 	D:\android\jre\bin\VCRUNTIME140.dll
0x00007ff96d080000 - 0x00007ff96d220000 	C:\Windows\System32\USER32.dll
0x00007ff951770000 - 0x00007ff951a0a000 	C:\Windows\WinSxS\amd64_microsoft.windows.common-controls_6595b64144ccf1df_6.0.19041.1110_none_60b5254171f9507e\COMCTL32.dll
0x00007ff96b420000 - 0x00007ff96b442000 	C:\Windows\System32\win32u.dll
0x00007ff96cef0000 - 0x00007ff96cf8e000 	C:\Windows\System32\msvcrt.dll
0x00007ff96d220000 - 0x00007ff96d24a000 	C:\Windows\System32\GDI32.dll
0x00007ff96b810000 - 0x00007ff96b91b000 	C:\Windows\System32\gdi32full.dll
0x00007ff96b6c0000 - 0x00007ff96b75d000 	C:\Windows\System32\msvcp_win.dll
0x00007ff96cd80000 - 0x00007ff96cdb0000 	C:\Windows\System32\IMM32.DLL
0x00007ff93e750000 - 0x00007ff93e7ed000 	D:\android\jre\bin\msvcp140.dll
0x00007ff921240000 - 0x00007ff921d25000 	D:\android\jre\bin\server\jvm.dll
0x00007ff96bf50000 - 0x00007ff96bffe000 	C:\Windows\System32\ADVAPI32.dll
0x00007ff96c7f0000 - 0x00007ff96c88c000 	C:\Windows\System32\sechost.dll
0x00007ff96dba0000 - 0x00007ff96dcc5000 	C:\Windows\System32\RPCRT4.dll
0x00007ff96c3f0000 - 0x00007ff96c3f8000 	C:\Windows\System32\PSAPI.DLL
0x00007ff959790000 - 0x00007ff959799000 	C:\Windows\SYSTEM32\WSOCK32.dll
0x00007ff957c00000 - 0x00007ff957c27000 	C:\Windows\SYSTEM32\WINMM.dll
0x00007ff965520000 - 0x00007ff96552a000 	C:\Windows\SYSTEM32\VERSION.dll
0x00007ff96d010000 - 0x00007ff96d07b000 	C:\Windows\System32\WS2_32.dll
0x00007ff969500000 - 0x00007ff969512000 	C:\Windows\SYSTEM32\kernel.appcore.dll
0x00007ff966ff0000 - 0x00007ff967001000 	D:\android\jre\bin\verify.dll
0x00007ff968c50000 - 0x00007ff968e34000 	C:\Windows\SYSTEM32\DBGHELP.DLL
0x00007ff954700000 - 0x00007ff95472c000 	C:\Windows\SYSTEM32\dbgcore.DLL
0x00007ff96b450000 - 0x00007ff96b4d2000 	C:\Windows\System32\bcryptPrimitives.dll
0x00007ff965980000 - 0x00007ff9659a9000 	D:\android\jre\bin\java.dll
0x00007ff9659d0000 - 0x00007ff9659db000 	D:\android\jre\bin\jimage.dll
0x00007ff9658d0000 - 0x00007ff9658e8000 	D:\android\jre\bin\zip.dll

dbghelp: loaded successfully - version: 4.0.5 - missing functions: none
symbol engine: initialized successfully - sym options: 0x614 - pdb path: .;D:\android\jre\bin;C:\Windows\SYSTEM32;C:\Windows\WinSxS\amd64_microsoft.windows.common-controls_6595b64144ccf1df_6.0.19041.1110_none_60b5254171f9507e;D:\android\jre\bin\server

VM Arguments:
java_command: org.jetbrains.kotlin.cli.jvm.K2JVMCompiler @C:\Users\user\Desktop\sudokuGame\app\build\20220602_8357474225307349209.compiler.options
java_class_path (initial): C:\Users\user\.gradle\caches\modules-2\files-2.1\org.jetbrains.kotlin\kotlin-compiler-embeddable\1.6.21\97bdd5a752ce73b58ef16c17bc7f0ea2faff7a2e\kotlin-compiler-embeddable-1.6.21.jar;C:\Users\user\.gradle\caches\modules-2\files-2.1\org.jetbrains.kotlin\kotlin-reflect\1.6.21\5dc3574d9b7bebfcb4ec6b10ada4aaa9e140bd0b\kotlin-reflect-1.6.21.jar;C:\Users\user\.gradle\caches\modules-2\files-2.1\org.jetbrains.kotlin\kotlin-stdlib\1.6.21\11ef67f1900634fd951bad28c53ec957fabbe5b8\kotlin-stdlib-1.6.21.jar;C:\Users\user\.gradle\caches\modules-2\files-2.1\org.jetbrains.kotlin\kotlin-script-runtime\1.6.21\99c6675100da5d6d5b1c5a1032f27f28008d101b\kotlin-script-runtime-1.6.21.jar;C:\Users\user\.gradle\caches\modules-2\files-2.1\org.jetbrains.kotlin\kotlin-daemon-embeddable\1.6.21\46b78cf392e1c4f10854c3cadba44abb7b82250f\kotlin-daemon-embeddable-1.6.21.jar;C:\Users\user\.gradle\caches\modules-2\files-2.1\org.jetbrains.intellij.deps\trove4j\1.0.20200330\3afb14d5f9ceb459d724e907a21145e8ff394f02\trove4j-1.0.20200330.jar;C:\Users\user\.gradle\caches\modules-2\files-2.1\net.java.dev.jna\jna\5.6.0\330f2244e9030119ab3030fc3fededc86713d9cc\jna-5.6.0.jar;C:\Users\user\.gradle\caches\modules-2\files-2.1\org.jetbrains.kotlin\kotlin-stdlib-common\1.6.21\5e5b55c26dbc80372a920aef60eb774b714559b8\kotlin-stdlib-common-1.6.21.jar;C:\Users\user\.gradle\caches\modules-2\files-2.1\org.jetbrains\annotations\13.0\919f0dfe192fb4e063e7dacadee7f8bb9a2672a9\annotations-13.0.jar
Launcher Type: SUN_STANDARD

[Global flags]
     intx CICompilerCount                          = 4                                         {product} {ergonomic}
     uint ConcGCThreads                            = 2                                         {product} {ergonomic}
     uint G1ConcRefinementThreads                  = 8                                         {product} {ergonomic}
   size_t G1HeapRegionSize                         = 1048576                                   {product} {ergonomic}
    uintx GCDrainStackTargetSize                   = 64                                        {product} {ergonomic}
   size_t InitialHeapSize                          = 132120576                                 {product} {ergonomic}
   size_t MarkStackSize                            = 4194304                                   {product} {ergonomic}
   size_t MaxHeapSize                              = 2105540608                                {product} {ergonomic}
   size_t MinHeapDeltaBytes                        = 1048576                                   {product} {ergonomic}
    uintx NonNMethodCodeHeapSize                   = 5836300                                {pd product} {ergonomic}
    uintx NonProfiledCodeHeapSize                  = 122910970                              {pd product} {ergonomic}
    uintx ProfiledCodeHeapSize                     = 122910970                              {pd product} {ergonomic}
    uintx ReservedCodeCacheSize                    = 251658240                              {pd product} {ergonomic}
     bool SegmentedCodeCache                       = true                                      {product} {ergonomic}
     bool UseCompressedClassPointers               = true                                 {lp64_product} {ergonomic}
     bool UseCompressedOops                        = true                                 {lp64_product} {ergonomic}
     bool UseG1GC                                  = true                                      {product} {ergonomic}
     bool UseLargePagesIndividualAllocation        = false                                  {pd product} {ergonomic}

Logging:
Log output configuration:
 #0: stdout all=warning uptime,level,tags
 #1: stderr all=off uptime,level,tags

Environment Variables:
PATH=C:\Python310\Scripts\;C:\Python310\;C:\ProgramData\Oracle\Java\javapath;C:\Windows\system32;C:\Windows;C:\Windows\System32\Wbem;C:\Windows\System32\WindowsPowerShell\v1.0\;C:\Windows\System32\OpenSSH\;C:\Program Files (x86)\NVIDIA Corporation\PhysX\Common;C:\Program Files\NVIDIA Corporation\NVIDIA NvDLISR;C:\msys64\mingw64\bin;D:\Matlab\runtime\win64;D:\Matlab\bin;D:\Matlab\polyspace\bin;C:\Program Files (x86)\Wolfram Research\WolframScript\;C:\ProgramData\chocolatey\bin;C:\Program Files\Git\cmd;C:\Program Files\nodejs\;C:\Users\user\AppData\Local\Microsoft\WindowsApps;;D:\Microsoft VS Code\bin;C:\Users\user\AppData\Roaming\npm;D:\intellij\IntelliJ IDEA Community Edition 2022.1.1\bin;
USERNAME=user
OS=Windows_NT
PROCESSOR_IDENTIFIER=Intel64 Family 6 Model 165 Stepping 2, GenuineIntel



---------------  S Y S T E M  ---------------

OS: Windows 10 , 64 bit Build 19041 (10.0.19041.1706)
OS uptime: 1 days 23:07 hours

CPU:total 8 (initial active 8) (4 cores per cpu, 2 threads per core) family 6 model 165 stepping 2 microcode 0xc8, cmov, cx8, fxsr, mmx, sse, sse2, sse3, ssse3, sse4.1, sse4.2, popcnt, avx, avx2, aes, clmul, erms, 3dnowpref, lzcnt, ht, tsc, tscinvbit, bmi1, bmi2, adx, fma

Memory: 4k page, system-wide physical 8029M (419M free)
TotalPageFile size 12125M (AvailPageFile size 5M)
current process WorkingSet (physical memory assigned to process): 10M, peak: 10M
current process commit charge ("private bytes"): 188M, peak: 188M

vm_info: OpenJDK 64-Bit Server VM (11.0.12+7-b1504.28-7817840) for windows-amd64 JRE (11.0.12+7-b1504.28-7817840), built on Oct 13 2021 22:12:33 by "builder" with MS VC++ 14.0 (VS2015)

END.
